[01Jun2025 00:00:07.955] [Server thread/INFO] [net.minecraft.server.MinecraftServer/]: [Not Secure] <C0LIGAMES> no entendi
[01Jun2025 00:00:17.209] [Server thread/INFO] [net.minecraft.server.MinecraftServer/]: [C0LIGAMES: Set Anzu_ara's game mode to Survival Mode]
[01Jun2025 00:00:20.791] [Server thread/INFO] [net.minecraft.server.MinecraftServer/]: [Not Secure] <C0LIGAMES> XD
[01Jun2025 00:00:38.839] [Server thread/INFO] [net.minecraft.server.MinecraftServer/]: [Not Secure] <C0LIGAMES> XD
[01Jun2025 00:01:06.392] [Server thread/INFO] [net.minecraft.server.MinecraftServer/]: [Not Secure] <C0LIGAMES> XD
[01Jun2025 00:08:03.890] [Server thread/INFO] [Scaling Health/]: Blight Skeleton was killed by C0LIGAMES
[01Jun2025 00:09:03.397] [Server thread/INFO] [net.minecraft.server.MinecraftServer/]: [Not Secure] <C0LIGAMES> XD
[01Jun2025 00:09:12.790] [Server thread/INFO] [net.minecraft.server.MinecraftServer/]: Anzu_ara has made the advancement [Best Friends Forever]
[01Jun2025 00:09:17.001] [Server thread/ERROR] [net.minecraftforge.fml.loading.RuntimeDistCleaner/DISTXFORM]: Attempted to load class net/minecraft/client/Minecraft for invalid dist DEDICATED_SERVER
[01Jun2025 00:09:17.002] [Server thread/ERROR] [net.minecraftforge.eventbus.EventBus/EVENTBUS]: Exception caught during firing event: Attempted to load class net/minecraft/client/Minecraft for invalid dist DEDICATED_SERVER
	Index: 1
	Listeners:
		0: HIGHEST
		1: ASM: com.dplayend.justleveling.registry.RegistryCommonEvents@6e5b2460 onAttackEntity(Lnet/minecraftforge/event/entity/living/LivingHurtEvent;)V
		2: NORMAL
		3: ASM: class vectorwing.farmersdelight.common.item.enchantment.BackstabbingEnchantment$BackstabbingEvent onKnifeBackstab(Lnet/minecraftforge/event/entity/living/LivingHurtEvent;)V
		4: ASM: com.bobmowzie.mowziesmobs.server.ServerEventHandler@58cc83 onLivingHurt(Lnet/minecraftforge/event/entity/living/LivingHurtEvent;)V
		5: ASM: com.bobmowzie.mowziesmobs.server.ability.AbilityCommonEventHandler@16f10cbf onTakeDamage(Lnet/minecraftforge/event/entity/living/LivingHurtEvent;)V
		6: ASM: class com.mcmoddev.golems.EGEvents$ForgeHandler onLivingHurt(Lnet/minecraftforge/event/entity/living/LivingHurtEvent;)V
		7: ASM: class tallestegg.guardvillagers.HandlerEvents onEntityHurt(Lnet/minecraftforge/event/entity/living/LivingHurtEvent;)V
		8: ASM: class com.oblivioussp.spartanweaponry.event.CommonEventHandler onLivingHurt(Lnet/minecraftforge/event/entity/living/LivingHurtEvent;)V
		9: ASM: class net.silentchaos512.scalinghealth.event.PlayerBonusRegenHandler onPlayerHurt(Lnet/minecraftforge/event/entity/living/LivingHurtEvent;)V
		10: ASM: com.github.alexthe666.iceandfire.event.ServerEvents@35ab42fd onEntityDamage(Lnet/minecraftforge/event/entity/living/LivingHurtEvent;)V
		11: LOWEST
		12: ASM: class ichttt.mods.firstaid.common.EventHandler onLivingHurt(Lnet/minecraftforge/event/entity/living/LivingHurtEvent;)V
java.lang.RuntimeException: Attempted to load class net/minecraft/client/Minecraft for invalid dist DEDICATED_SERVER
	at MC-BOOTSTRAP/fmlloader@1.20.1-47.3.7/net.minecraftforge.fml.loading.RuntimeDistCleaner.processClassWithFlags(RuntimeDistCleaner.java:57)
	at MC-BOOTSTRAP/cpw.mods.modlauncher@10.0.9/cpw.mods.modlauncher.LaunchPluginHandler.offerClassNodeToPlugins(LaunchPluginHandler.java:88)
	at MC-BOOTSTRAP/cpw.mods.modlauncher@10.0.9/cpw.mods.modlauncher.ClassTransformer.transform(ClassTransformer.java:120)
	at MC-BOOTSTRAP/cpw.mods.modlauncher@10.0.9/cpw.mods.modlauncher.TransformingClassLoader.maybeTransformClassBytes(TransformingClassLoader.java:50)
	at cpw.mods.securejarhandler/cpw.mods.cl.ModuleClassLoader.readerToClass(ModuleClassLoader.java:113)
	at cpw.mods.securejarhandler/cpw.mods.cl.ModuleClassLoader.lambda$findClass$15(ModuleClassLoader.java:219)
	at cpw.mods.securejarhandler/cpw.mods.cl.ModuleClassLoader.loadFromModule(ModuleClassLoader.java:229)
	at cpw.mods.securejarhandler/cpw.mods.cl.ModuleClassLoader.findClass(ModuleClassLoader.java:219)
	at cpw.mods.securejarhandler/cpw.mods.cl.ModuleClassLoader.loadClass(ModuleClassLoader.java:135)
	at java.base/java.lang.ClassLoader.loadClass(ClassLoader.java:525)
	at TRANSFORMER/forge@47.3.7/net.minecraftforge.network.simple.SimpleChannel.sendToServer(SimpleChannel.java:87)
	at TRANSFORMER/justleveling@1.7/com.dplayend.justleveling.network.ServerNetworking.sendToServer(ServerNetworking.java:36)
	at TRANSFORMER/justleveling@1.7/com.dplayend.justleveling.network.packet.common.CounterAttackSP.send(CounterAttackSP.java:51)
	at TRANSFORMER/justleveling@1.7/com.dplayend.justleveling.registry.RegistryCommonEvents.lambda$onAttackEntity$8(RegistryCommonEvents.java:315)
	at TRANSFORMER/forge@47.3.7/net.minecraftforge.common.util.LazyOptional.ifPresent(LazyOptional.java:137)
	at TRANSFORMER/justleveling@1.7/com.dplayend.justleveling.registry.RegistryCommonEvents.onAttackEntity(RegistryCommonEvents.java:315)
	at TRANSFORMER/justleveling@1.7/com.dplayend.justleveling.registry.__RegistryCommonEvents_onAttackEntity_LivingHurtEvent.invoke(.dynamic)
	at MC-BOOTSTRAP/net.minecraftforge.eventbus/net.minecraftforge.eventbus.ASMEventHandler.invoke(ASMEventHandler.java:73)
	at MC-BOOTSTRAP/net.minecraftforge.eventbus/net.minecraftforge.eventbus.EventBus.post(EventBus.java:315)
	at MC-BOOTSTRAP/net.minecraftforge.eventbus/net.minecraftforge.eventbus.EventBus.post(EventBus.java:296)
	at TRANSFORMER/forge@47.3.7/net.minecraftforge.common.ForgeHooks.onLivingHurt(ForgeHooks.java:292)
	at TRANSFORMER/minecraft@1.20.1/net.minecraft.world.entity.player.Player.m_6475_(Player.java:906)
	at TRANSFORMER/minecraft@1.20.1/net.minecraft.world.entity.LivingEntity.m_6469_(LivingEntity.java:1112)
	at TRANSFORMER/minecraft@1.20.1/net.minecraft.world.entity.player.Player.m_6469_(Player.java:840)
	at TRANSFORMER/minecraft@1.20.1/net.minecraft.server.level.ServerPlayer.m_6469_(ServerPlayer.java:695)
	at TRANSFORMER/minecraft@1.20.1/net.minecraft.world.entity.player.Player.m_5706_(Player.java:1139)
	at TRANSFORMER/minecraft@1.20.1/net.minecraft.server.level.ServerPlayer.m_5706_(ServerPlayer.java:1400)
	at TRANSFORMER/minecraft@1.20.1/net.minecraft.server.network.ServerGamePacketListenerImpl$1.m_141994_(ServerGamePacketListenerImpl.java:1487)
	at TRANSFORMER/minecraft@1.20.1/net.minecraft.network.protocol.game.ServerboundInteractPacket$1.m_142457_(ServerboundInteractPacket.java:166)
	at TRANSFORMER/minecraft@1.20.1/net.minecraft.network.protocol.game.ServerboundInteractPacket.m_179617_(ServerboundInteractPacket.java:66)
	at TRANSFORMER/minecraft@1.20.1/net.minecraft.server.network.ServerGamePacketListenerImpl.m_6946_(ServerGamePacketListenerImpl.java:1455)
	at TRANSFORMER/minecraft@1.20.1/net.minecraft.network.protocol.game.ServerboundInteractPacket.m_5797_(ServerboundInteractPacket.java:53)
	at TRANSFORMER/minecraft@1.20.1/net.minecraft.network.protocol.game.ServerboundInteractPacket.m_5797_(ServerboundInteractPacket.java:13)
	at TRANSFORMER/minecraft@1.20.1/net.minecraft.network.protocol.PacketUtils.m_263899_(PacketUtils.java:22)
	at TRANSFORMER/minecraft@1.20.1/net.minecraft.server.TickTask.run(TickTask.java:18)
	at TRANSFORMER/minecraft@1.20.1/net.minecraft.util.thread.BlockableEventLoop.m_6367_(BlockableEventLoop.java:156)
	at TRANSFORMER/minecraft@1.20.1/net.minecraft.util.thread.ReentrantBlockableEventLoop.m_6367_(ReentrantBlockableEventLoop.java:23)
	at TRANSFORMER/minecraft@1.20.1/net.minecraft.server.MinecraftServer.m_6367_(MinecraftServer.java:770)
	at TRANSFORMER/minecraft@1.20.1/net.minecraft.server.MinecraftServer.m_6367_(MinecraftServer.java:161)
	at TRANSFORMER/minecraft@1.20.1/net.minecraft.util.thread.BlockableEventLoop.m_7245_(BlockableEventLoop.java:130)
	at TRANSFORMER/minecraft@1.20.1/net.minecraft.server.MinecraftServer.m_129961_(MinecraftServer.java:753)
	at TRANSFORMER/minecraft@1.20.1/net.minecraft.server.MinecraftServer.m_7245_(MinecraftServer.java:747)
	at TRANSFORMER/minecraft@1.20.1/net.minecraft.util.thread.BlockableEventLoop.m_18701_(BlockableEventLoop.java:139)
	at TRANSFORMER/minecraft@1.20.1/net.minecraft.server.MinecraftServer.m_130012_(MinecraftServer.java:733)
	at TRANSFORMER/minecraft@1.20.1/net.minecraft.server.MinecraftServer.m_130011_(MinecraftServer.java:665)
	at TRANSFORMER/minecraft@1.20.1/net.minecraft.server.MinecraftServer.m_206580_(MinecraftServer.java:251)
	at java.base/java.lang.Thread.run(Thread.java:840)

[01Jun2025 00:09:17.003] [Server thread/ERROR] [net.minecraft.network.protocol.PacketUtils/]: Failed to handle packet net.minecraft.network.protocol.game.ServerboundInteractPacket@41feced5, suppressing error
java.lang.RuntimeException: Attempted to load class net/minecraft/client/Minecraft for invalid dist DEDICATED_SERVER
	at net.minecraftforge.fml.loading.RuntimeDistCleaner.processClassWithFlags(RuntimeDistCleaner.java:57) ~[fmlloader-1.20.1-47.3.7.jar%2369!/:1.0]
	at cpw.mods.modlauncher.LaunchPluginHandler.offerClassNodeToPlugins(LaunchPluginHandler.java:88) ~[modlauncher-10.0.9.jar%2355!/:?]
	at cpw.mods.modlauncher.ClassTransformer.transform(ClassTransformer.java:120) ~[modlauncher-10.0.9.jar%2355!/:?]
	at cpw.mods.modlauncher.TransformingClassLoader.maybeTransformClassBytes(TransformingClassLoader.java:50) ~[modlauncher-10.0.9.jar%2355!/:?]
	at cpw.mods.cl.ModuleClassLoader.readerToClass(ModuleClassLoader.java:113) ~[securejarhandler-2.1.10.jar:?]
	at cpw.mods.cl.ModuleClassLoader.lambda$findClass$15(ModuleClassLoader.java:219) ~[securejarhandler-2.1.10.jar:?]
	at cpw.mods.cl.ModuleClassLoader.loadFromModule(ModuleClassLoader.java:229) ~[securejarhandler-2.1.10.jar:?]
	at cpw.mods.cl.ModuleClassLoader.findClass(ModuleClassLoader.java:219) ~[securejarhandler-2.1.10.jar:?]
	at cpw.mods.cl.ModuleClassLoader.loadClass(ModuleClassLoader.java:135) ~[securejarhandler-2.1.10.jar:?]
	at java.lang.ClassLoader.loadClass(ClassLoader.java:525) ~[?:?]
	at net.minecraftforge.network.simple.SimpleChannel.sendToServer(SimpleChannel.java:87) ~[forge-1.20.1-47.3.7-universal.jar%23190!/:?]
	at com.dplayend.justleveling.network.ServerNetworking.sendToServer(ServerNetworking.java:36) ~[justleveling-forge-1.20.x-v1.7.jar%23163!/:forge-1.20.x-v1.7]
	at com.dplayend.justleveling.network.packet.common.CounterAttackSP.send(CounterAttackSP.java:51) ~[justleveling-forge-1.20.x-v1.7.jar%23163!/:forge-1.20.x-v1.7]
	at com.dplayend.justleveling.registry.RegistryCommonEvents.lambda$onAttackEntity$8(RegistryCommonEvents.java:315) ~[justleveling-forge-1.20.x-v1.7.jar%23163!/:forge-1.20.x-v1.7]
	at net.minecraftforge.common.util.LazyOptional.ifPresent(LazyOptional.java:137) ~[forge-1.20.1-47.3.7-universal.jar%23190!/:?]
	at com.dplayend.justleveling.registry.RegistryCommonEvents.onAttackEntity(RegistryCommonEvents.java:315) ~[justleveling-forge-1.20.x-v1.7.jar%23163!/:forge-1.20.x-v1.7]
	at com.dplayend.justleveling.registry.__RegistryCommonEvents_onAttackEntity_LivingHurtEvent.invoke(.dynamic) ~[justleveling-forge-1.20.x-v1.7.jar%23163!/:forge-1.20.x-v1.7]
	at net.minecraftforge.eventbus.ASMEventHandler.invoke(ASMEventHandler.java:73) ~[eventbus-6.0.5.jar%2352!/:?]
	at net.minecraftforge.eventbus.EventBus.post(EventBus.java:315) ~[eventbus-6.0.5.jar%2352!/:?]
	at net.minecraftforge.eventbus.EventBus.post(EventBus.java:296) ~[eventbus-6.0.5.jar%2352!/:?]
	at net.minecraftforge.common.ForgeHooks.onLivingHurt(ForgeHooks.java:292) ~[forge-1.20.1-47.3.7-universal.jar%23190!/:?]
	at net.minecraft.world.entity.player.Player.m_6475_(Player.java:906) ~[server-1.20.1-20230612.114412-srg.jar%23185!/:?]
	at net.minecraft.world.entity.LivingEntity.m_6469_(LivingEntity.java:1112) ~[server-1.20.1-20230612.114412-srg.jar%23185!/:?]
	at net.minecraft.world.entity.player.Player.m_6469_(Player.java:840) ~[server-1.20.1-20230612.114412-srg.jar%23185!/:?]
	at net.minecraft.server.level.ServerPlayer.m_6469_(ServerPlayer.java:695) ~[server-1.20.1-20230612.114412-srg.jar%23185!/:?]
	at net.minecraft.world.entity.player.Player.m_5706_(Player.java:1139) ~[server-1.20.1-20230612.114412-srg.jar%23185!/:?]
	at net.minecraft.server.level.ServerPlayer.m_5706_(ServerPlayer.java:1400) ~[server-1.20.1-20230612.114412-srg.jar%23185!/:?]
	at net.minecraft.server.network.ServerGamePacketListenerImpl$1.m_141994_(ServerGamePacketListenerImpl.java:1487) ~[server-1.20.1-20230612.114412-srg.jar%23185!/:?]
	at net.minecraft.network.protocol.game.ServerboundInteractPacket$1.m_142457_(ServerboundInteractPacket.java:166) ~[server-1.20.1-20230612.114412-srg.jar%23185!/:?]
	at net.minecraft.network.protocol.game.ServerboundInteractPacket.m_179617_(ServerboundInteractPacket.java:66) ~[server-1.20.1-20230612.114412-srg.jar%23185!/:?]
	at net.minecraft.server.network.ServerGamePacketListenerImpl.m_6946_(ServerGamePacketListenerImpl.java:1455) ~[server-1.20.1-20230612.114412-srg.jar%23185!/:?]
	at net.minecraft.network.protocol.game.ServerboundInteractPacket.m_5797_(ServerboundInteractPacket.java:53) ~[server-1.20.1-20230612.114412-srg.jar%23185!/:?]
	at net.minecraft.network.protocol.game.ServerboundInteractPacket.m_5797_(ServerboundInteractPacket.java:13) ~[server-1.20.1-20230612.114412-srg.jar%23185!/:?]
	at net.minecraft.network.protocol.PacketUtils.m_263899_(PacketUtils.java:22) ~[server-1.20.1-20230612.114412-srg.jar%23185!/:?]
	at net.minecraft.server.TickTask.run(TickTask.java:18) ~[server-1.20.1-20230612.114412-srg.jar%23185!/:?]
	at net.minecraft.util.thread.BlockableEventLoop.m_6367_(BlockableEventLoop.java:156) ~[server-1.20.1-20230612.114412-srg.jar%23185!/:?]
	at net.minecraft.util.thread.ReentrantBlockableEventLoop.m_6367_(ReentrantBlockableEventLoop.java:23) ~[server-1.20.1-20230612.114412-srg.jar%23185!/:?]
	at net.minecraft.server.MinecraftServer.m_6367_(MinecraftServer.java:770) ~[server-1.20.1-20230612.114412-srg.jar%23185!/:?]
	at net.minecraft.server.MinecraftServer.m_6367_(MinecraftServer.java:161) ~[server-1.20.1-20230612.114412-srg.jar%23185!/:?]
	at net.minecraft.util.thread.BlockableEventLoop.m_7245_(BlockableEventLoop.java:130) ~[server-1.20.1-20230612.114412-srg.jar%23185!/:?]
	at net.minecraft.server.MinecraftServer.m_129961_(MinecraftServer.java:753) ~[server-1.20.1-20230612.114412-srg.jar%23185!/:?]
	at net.minecraft.server.MinecraftServer.m_7245_(MinecraftServer.java:747) ~[server-1.20.1-20230612.114412-srg.jar%23185!/:?]
	at net.minecraft.util.thread.BlockableEventLoop.m_18701_(BlockableEventLoop.java:139) ~[server-1.20.1-20230612.114412-srg.jar%23185!/:?]
	at net.minecraft.server.MinecraftServer.m_130012_(MinecraftServer.java:733) ~[server-1.20.1-20230612.114412-srg.jar%23185!/:?]
	at net.minecraft.server.MinecraftServer.m_130011_(MinecraftServer.java:665) ~[server-1.20.1-20230612.114412-srg.jar%23185!/:?]
	at net.minecraft.server.MinecraftServer.m_206580_(MinecraftServer.java:251) ~[server-1.20.1-20230612.114412-srg.jar%23185!/:?]
	at java.lang.Thread.run(Thread.java:840) ~[?:?]
[01Jun2025 00:09:18.445] [Server thread/ERROR] [net.minecraftforge.fml.loading.RuntimeDistCleaner/DISTXFORM]: Attempted to load class net/minecraft/client/Minecraft for invalid dist DEDICATED_SERVER
[01Jun2025 00:09:18.445] [Server thread/ERROR] [net.minecraftforge.eventbus.EventBus/EVENTBUS]: Exception caught during firing event: Attempted to load class net/minecraft/client/Minecraft for invalid dist DEDICATED_SERVER
	Index: 1
	Listeners:
		0: HIGHEST
		1: ASM: com.dplayend.justleveling.registry.RegistryCommonEvents@6e5b2460 onAttackEntity(Lnet/minecraftforge/event/entity/living/LivingHurtEvent;)V
		2: NORMAL
		3: ASM: class vectorwing.farmersdelight.common.item.enchantment.BackstabbingEnchantment$BackstabbingEvent onKnifeBackstab(Lnet/minecraftforge/event/entity/living/LivingHurtEvent;)V
		4: ASM: com.bobmowzie.mowziesmobs.server.ServerEventHandler@58cc83 onLivingHurt(Lnet/minecraftforge/event/entity/living/LivingHurtEvent;)V
		5: ASM: com.bobmowzie.mowziesmobs.server.ability.AbilityCommonEventHandler@16f10cbf onTakeDamage(Lnet/minecraftforge/event/entity/living/LivingHurtEvent;)V
		6: ASM: class com.mcmoddev.golems.EGEvents$ForgeHandler onLivingHurt(Lnet/minecraftforge/event/entity/living/LivingHurtEvent;)V
		7: ASM: class tallestegg.guardvillagers.HandlerEvents onEntityHurt(Lnet/minecraftforge/event/entity/living/LivingHurtEvent;)V
		8: ASM: class com.oblivioussp.spartanweaponry.event.CommonEventHandler onLivingHurt(Lnet/minecraftforge/event/entity/living/LivingHurtEvent;)V
		9: ASM: class net.silentchaos512.scalinghealth.event.PlayerBonusRegenHandler onPlayerHurt(Lnet/minecraftforge/event/entity/living/LivingHurtEvent;)V
		10: ASM: com.github.alexthe666.iceandfire.event.ServerEvents@35ab42fd onEntityDamage(Lnet/minecraftforge/event/entity/living/LivingHurtEvent;)V
		11: LOWEST
		12: ASM: class ichttt.mods.firstaid.common.EventHandler onLivingHurt(Lnet/minecraftforge/event/entity/living/LivingHurtEvent;)V
java.lang.RuntimeException: Attempted to load class net/minecraft/client/Minecraft for invalid dist DEDICATED_SERVER
	at MC-BOOTSTRAP/fmlloader@1.20.1-47.3.7/net.minecraftforge.fml.loading.RuntimeDistCleaner.processClassWithFlags(RuntimeDistCleaner.java:57)
	at MC-BOOTSTRAP/cpw.mods.modlauncher@10.0.9/cpw.mods.modlauncher.LaunchPluginHandler.offerClassNodeToPlugins(LaunchPluginHandler.java:88)
	at MC-BOOTSTRAP/cpw.mods.modlauncher@10.0.9/cpw.mods.modlauncher.ClassTransformer.transform(ClassTransformer.java:120)
	at MC-BOOTSTRAP/cpw.mods.modlauncher@10.0.9/cpw.mods.modlauncher.TransformingClassLoader.maybeTransformClassBytes(TransformingClassLoader.java:50)
	at cpw.mods.securejarhandler/cpw.mods.cl.ModuleClassLoader.readerToClass(ModuleClassLoader.java:113)
	at cpw.mods.securejarhandler/cpw.mods.cl.ModuleClassLoader.lambda$findClass$15(ModuleClassLoader.java:219)
	at cpw.mods.securejarhandler/cpw.mods.cl.ModuleClassLoader.loadFromModule(ModuleClassLoader.java:229)
	at cpw.mods.securejarhandler/cpw.mods.cl.ModuleClassLoader.findClass(ModuleClassLoader.java:219)
	at cpw.mods.securejarhandler/cpw.mods.cl.ModuleClassLoader.loadClass(ModuleClassLoader.java:135)
	at java.base/java.lang.ClassLoader.loadClass(ClassLoader.java:525)
	at TRANSFORMER/forge@47.3.7/net.minecraftforge.network.simple.SimpleChannel.sendToServer(SimpleChannel.java:87)
	at TRANSFORMER/justleveling@1.7/com.dplayend.justleveling.network.ServerNetworking.sendToServer(ServerNetworking.java:36)
	at TRANSFORMER/justleveling@1.7/com.dplayend.justleveling.network.packet.common.CounterAttackSP.send(CounterAttackSP.java:51)
	at TRANSFORMER/justleveling@1.7/com.dplayend.justleveling.registry.RegistryCommonEvents.lambda$onAttackEntity$8(RegistryCommonEvents.java:315)
	at TRANSFORMER/forge@47.3.7/net.minecraftforge.common.util.LazyOptional.ifPresent(LazyOptional.java:137)
	at TRANSFORMER/justleveling@1.7/com.dplayend.justleveling.registry.RegistryCommonEvents.onAttackEntity(RegistryCommonEvents.java:315)
	at TRANSFORMER/justleveling@1.7/com.dplayend.justleveling.registry.__RegistryCommonEvents_onAttackEntity_LivingHurtEvent.invoke(.dynamic)
	at MC-BOOTSTRAP/net.minecraftforge.eventbus/net.minecraftforge.eventbus.ASMEventHandler.invoke(ASMEventHandler.java:73)
	at MC-BOOTSTRAP/net.minecraftforge.eventbus/net.minecraftforge.eventbus.EventBus.post(EventBus.java:315)
	at MC-BOOTSTRAP/net.minecraftforge.eventbus/net.minecraftforge.eventbus.EventBus.post(EventBus.java:296)
	at TRANSFORMER/forge@47.3.7/net.minecraftforge.common.ForgeHooks.onLivingHurt(ForgeHooks.java:292)
	at TRANSFORMER/minecraft@1.20.1/net.minecraft.world.entity.player.Player.m_6475_(Player.java:906)
	at TRANSFORMER/minecraft@1.20.1/net.minecraft.world.entity.LivingEntity.m_6469_(LivingEntity.java:1112)
	at TRANSFORMER/minecraft@1.20.1/net.minecraft.world.entity.player.Player.m_6469_(Player.java:840)
	at TRANSFORMER/minecraft@1.20.1/net.minecraft.server.level.ServerPlayer.m_6469_(ServerPlayer.java:695)
	at TRANSFORMER/minecraft@1.20.1/net.minecraft.world.entity.player.Player.m_5706_(Player.java:1139)
	at TRANSFORMER/minecraft@1.20.1/net.minecraft.server.level.ServerPlayer.m_5706_(ServerPlayer.java:1400)
	at TRANSFORMER/minecraft@1.20.1/net.minecraft.server.network.ServerGamePacketListenerImpl$1.m_141994_(ServerGamePacketListenerImpl.java:1487)
	at TRANSFORMER/minecraft@1.20.1/net.minecraft.network.protocol.game.ServerboundInteractPacket$1.m_142457_(ServerboundInteractPacket.java:166)
	at TRANSFORMER/minecraft@1.20.1/net.minecraft.network.protocol.game.ServerboundInteractPacket.m_179617_(ServerboundInteractPacket.java:66)
	at TRANSFORMER/minecraft@1.20.1/net.minecraft.server.network.ServerGamePacketListenerImpl.m_6946_(ServerGamePacketListenerImpl.java:1455)
	at TRANSFORMER/minecraft@1.20.1/net.minecraft.network.protocol.game.ServerboundInteractPacket.m_5797_(ServerboundInteractPacket.java:53)
	at TRANSFORMER/minecraft@1.20.1/net.minecraft.network.protocol.game.ServerboundInteractPacket.m_5797_(ServerboundInteractPacket.java:13)
	at TRANSFORMER/minecraft@1.20.1/net.minecraft.network.protocol.PacketUtils.m_263899_(PacketUtils.java:22)
	at TRANSFORMER/minecraft@1.20.1/net.minecraft.server.TickTask.run(TickTask.java:18)
	at TRANSFORMER/minecraft@1.20.1/net.minecraft.util.thread.BlockableEventLoop.m_6367_(BlockableEventLoop.java:156)
	at TRANSFORMER/minecraft@1.20.1/net.minecraft.util.thread.ReentrantBlockableEventLoop.m_6367_(ReentrantBlockableEventLoop.java:23)
	at TRANSFORMER/minecraft@1.20.1/net.minecraft.server.MinecraftServer.m_6367_(MinecraftServer.java:770)
	at TRANSFORMER/minecraft@1.20.1/net.minecraft.server.MinecraftServer.m_6367_(MinecraftServer.java:161)
	at TRANSFORMER/minecraft@1.20.1/net.minecraft.util.thread.BlockableEventLoop.m_7245_(BlockableEventLoop.java:130)
	at TRANSFORMER/minecraft@1.20.1/net.minecraft.server.MinecraftServer.m_129961_(MinecraftServer.java:753)
	at TRANSFORMER/minecraft@1.20.1/net.minecraft.server.MinecraftServer.m_7245_(MinecraftServer.java:747)
	at TRANSFORMER/minecraft@1.20.1/net.minecraft.util.thread.BlockableEventLoop.m_18699_(BlockableEventLoop.java:115)
	at TRANSFORMER/minecraft@1.20.1/net.minecraft.server.MinecraftServer.m_130012_(MinecraftServer.java:732)
	at TRANSFORMER/minecraft@1.20.1/net.minecraft.server.MinecraftServer.m_130011_(MinecraftServer.java:665)
	at TRANSFORMER/minecraft@1.20.1/net.minecraft.server.MinecraftServer.m_206580_(MinecraftServer.java:251)
	at java.base/java.lang.Thread.run(Thread.java:840)

[01Jun2025 00:09:18.447] [Server thread/ERROR] [net.minecraft.network.protocol.PacketUtils/]: Failed to handle packet net.minecraft.network.protocol.game.ServerboundInteractPacket@5508b3b1, suppressing error
java.lang.RuntimeException: Attempted to load class net/minecraft/client/Minecraft for invalid dist DEDICATED_SERVER
	at net.minecraftforge.fml.loading.RuntimeDistCleaner.processClassWithFlags(RuntimeDistCleaner.java:57) ~[fmlloader-1.20.1-47.3.7.jar%2369!/:1.0]
	at cpw.mods.modlauncher.LaunchPluginHandler.offerClassNodeToPlugins(LaunchPluginHandler.java:88) ~[modlauncher-10.0.9.jar%2355!/:?]
	at cpw.mods.modlauncher.ClassTransformer.transform(ClassTransformer.java:120) ~[modlauncher-10.0.9.jar%2355!/:?]
	at cpw.mods.modlauncher.TransformingClassLoader.maybeTransformClassBytes(TransformingClassLoader.java:50) ~[modlauncher-10.0.9.jar%2355!/:?]
	at cpw.mods.cl.ModuleClassLoader.readerToClass(ModuleClassLoader.java:113) ~[securejarhandler-2.1.10.jar:?]
	at cpw.mods.cl.ModuleClassLoader.lambda$findClass$15(ModuleClassLoader.java:219) ~[securejarhandler-2.1.10.jar:?]
	at cpw.mods.cl.ModuleClassLoader.loadFromModule(ModuleClassLoader.java:229) ~[securejarhandler-2.1.10.jar:?]
	at cpw.mods.cl.ModuleClassLoader.findClass(ModuleClassLoader.java:219) ~[securejarhandler-2.1.10.jar:?]
	at cpw.mods.cl.ModuleClassLoader.loadClass(ModuleClassLoader.java:135) ~[securejarhandler-2.1.10.jar:?]
	at java.lang.ClassLoader.loadClass(ClassLoader.java:525) ~[?:?]
	at net.minecraftforge.network.simple.SimpleChannel.sendToServer(SimpleChannel.java:87) ~[forge-1.20.1-47.3.7-universal.jar%23190!/:?]
	at com.dplayend.justleveling.network.ServerNetworking.sendToServer(ServerNetworking.java:36) ~[justleveling-forge-1.20.x-v1.7.jar%23163!/:forge-1.20.x-v1.7]
	at com.dplayend.justleveling.network.packet.common.CounterAttackSP.send(CounterAttackSP.java:51) ~[justleveling-forge-1.20.x-v1.7.jar%23163!/:forge-1.20.x-v1.7]
	at com.dplayend.justleveling.registry.RegistryCommonEvents.lambda$onAttackEntity$8(RegistryCommonEvents.java:315) ~[justleveling-forge-1.20.x-v1.7.jar%23163!/:forge-1.20.x-v1.7]
	at net.minecraftforge.common.util.LazyOptional.ifPresent(LazyOptional.java:137) ~[forge-1.20.1-47.3.7-universal.jar%23190!/:?]
	at com.dplayend.justleveling.registry.RegistryCommonEvents.onAttackEntity(RegistryCommonEvents.java:315) ~[justleveling-forge-1.20.x-v1.7.jar%23163!/:forge-1.20.x-v1.7]
	at com.dplayend.justleveling.registry.__RegistryCommonEvents_onAttackEntity_LivingHurtEvent.invoke(.dynamic) ~[justleveling-forge-1.20.x-v1.7.jar%23163!/:forge-1.20.x-v1.7]
	at net.minecraftforge.eventbus.ASMEventHandler.invoke(ASMEventHandler.java:73) ~[eventbus-6.0.5.jar%2352!/:?]
	at net.minecraftforge.eventbus.EventBus.post(EventBus.java:315) ~[eventbus-6.0.5.jar%2352!/:?]
	at net.minecraftforge.eventbus.EventBus.post(EventBus.java:296) ~[eventbus-6.0.5.jar%2352!/:?]
	at net.minecraftforge.common.ForgeHooks.onLivingHurt(ForgeHooks.java:292) ~[forge-1.20.1-47.3.7-universal.jar%23190!/:?]
	at net.minecraft.world.entity.player.Player.m_6475_(Player.java:906) ~[server-1.20.1-20230612.114412-srg.jar%23185!/:?]
	at net.minecraft.world.entity.LivingEntity.m_6469_(LivingEntity.java:1112) ~[server-1.20.1-20230612.114412-srg.jar%23185!/:?]
	at net.minecraft.world.entity.player.Player.m_6469_(Player.java:840) ~[server-1.20.1-20230612.114412-srg.jar%23185!/:?]
	at net.minecraft.server.level.ServerPlayer.m_6469_(ServerPlayer.java:695) ~[server-1.20.1-20230612.114412-srg.jar%23185!/:?]
	at net.minecraft.world.entity.player.Player.m_5706_(Player.java:1139) ~[server-1.20.1-20230612.114412-srg.jar%23185!/:?]
	at net.minecraft.server.level.ServerPlayer.m_5706_(ServerPlayer.java:1400) ~[server-1.20.1-20230612.114412-srg.jar%23185!/:?]
	at net.minecraft.server.network.ServerGamePacketListenerImpl$1.m_141994_(ServerGamePacketListenerImpl.java:1487) ~[server-1.20.1-20230612.114412-srg.jar%23185!/:?]
	at net.minecraft.network.protocol.game.ServerboundInteractPacket$1.m_142457_(ServerboundInteractPacket.java:166) ~[server-1.20.1-20230612.114412-srg.jar%23185!/:?]
	at net.minecraft.network.protocol.game.ServerboundInteractPacket.m_179617_(ServerboundInteractPacket.java:66) ~[server-1.20.1-20230612.114412-srg.jar%23185!/:?]
	at net.minecraft.server.network.ServerGamePacketListenerImpl.m_6946_(ServerGamePacketListenerImpl.java:1455) ~[server-1.20.1-20230612.114412-srg.jar%23185!/:?]
	at net.minecraft.network.protocol.game.ServerboundInteractPacket.m_5797_(ServerboundInteractPacket.java:53) ~[server-1.20.1-20230612.114412-srg.jar%23185!/:?]
	at net.minecraft.network.protocol.game.ServerboundInteractPacket.m_5797_(ServerboundInteractPacket.java:13) ~[server-1.20.1-20230612.114412-srg.jar%23185!/:?]
	at net.minecraft.network.protocol.PacketUtils.m_263899_(PacketUtils.java:22) ~[server-1.20.1-20230612.114412-srg.jar%23185!/:?]
	at net.minecraft.server.TickTask.run(TickTask.java:18) ~[server-1.20.1-20230612.114412-srg.jar%23185!/:?]
	at net.minecraft.util.thread.BlockableEventLoop.m_6367_(BlockableEventLoop.java:156) ~[server-1.20.1-20230612.114412-srg.jar%23185!/:?]
	at net.minecraft.util.thread.ReentrantBlockableEventLoop.m_6367_(ReentrantBlockableEventLoop.java:23) ~[server-1.20.1-20230612.114412-srg.jar%23185!/:?]
	at net.minecraft.server.MinecraftServer.m_6367_(MinecraftServer.java:770) ~[server-1.20.1-20230612.114412-srg.jar%23185!/:?]
	at net.minecraft.server.MinecraftServer.m_6367_(MinecraftServer.java:161) ~[server-1.20.1-20230612.114412-srg.jar%23185!/:?]
	at net.minecraft.util.thread.BlockableEventLoop.m_7245_(BlockableEventLoop.java:130) ~[server-1.20.1-20230612.114412-srg.jar%23185!/:?]
	at net.minecraft.server.MinecraftServer.m_129961_(MinecraftServer.java:753) ~[server-1.20.1-20230612.114412-srg.jar%23185!/:?]
	at net.minecraft.server.MinecraftServer.m_7245_(MinecraftServer.java:747) ~[server-1.20.1-20230612.114412-srg.jar%23185!/:?]
	at net.minecraft.util.thread.BlockableEventLoop.m_18699_(BlockableEventLoop.java:115) ~[server-1.20.1-20230612.114412-srg.jar%23185!/:?]
	at net.minecraft.server.MinecraftServer.m_130012_(MinecraftServer.java:732) ~[server-1.20.1-20230612.114412-srg.jar%23185!/:?]
	at net.minecraft.server.MinecraftServer.m_130011_(MinecraftServer.java:665) ~[server-1.20.1-20230612.114412-srg.jar%23185!/:?]
	at net.minecraft.server.MinecraftServer.m_206580_(MinecraftServer.java:251) ~[server-1.20.1-20230612.114412-srg.jar%23185!/:?]
	at java.lang.Thread.run(Thread.java:840) ~[?:?]
[01Jun2025 00:09:21.689] [Server thread/INFO] [net.minecraft.server.MinecraftServer/]: [C0LIGAMES: Set own game mode to Creative Mode]
[01Jun2025 00:09:33.789] [Server thread/INFO] [net.minecraft.server.MinecraftServer/]: C0LIGAMES has made the advancement [Dragon Growth Hormone]
[01Jun2025 00:09:43.347] [Server thread/INFO] [net.minecraft.server.MinecraftServer/]: C0LIGAMES has made the advancement [Dragon Commander]
[01Jun2025 00:09:44.887] [Server thread/INFO] [net.minecraft.server.MinecraftServer/]: C0LIGAMES has made the advancement [An Ear-Shattering Roar]
[01Jun2025 00:09:46.140] [Server thread/INFO] [net.minecraft.server.MinecraftServer/]: C0LIGAMES has made the advancement [The Song of the Dragons]
[01Jun2025 00:09:56.167] [Server thread/INFO] [net.minecraft.server.MinecraftServer/]: [Not Secure] <C0LIGAMES> a es tuyo?
[01Jun2025 00:10:00.803] [Server thread/INFO] [net.minecraft.server.MinecraftServer/]: [Not Secure] <Anzu_ara> si xd
[01Jun2025 00:10:04.348] [Server thread/INFO] [net.minecraft.server.MinecraftServer/]: [Not Secure] <C0LIGAMES> a XD
[01Jun2025 00:10:06.145] [Server thread/INFO] [net.minecraft.server.MinecraftServer/]: [Not Secure] <C0LIGAMES> me cague
[01Jun2025 00:10:19.879] [Server thread/INFO] [net.minecraft.server.MinecraftServer/]: joaocover was slain by Zombie
[01Jun2025 00:10:21.137] [Server thread/INFO] [Scaling Health/]: Player lost 0.00 heart crystal(s)
[01Jun2025 00:10:21.137] [Server thread/INFO] [Scaling Health/]: Player lost 0.00 difficulty
[01Jun2025 00:10:23.308] [Server thread/INFO] [net.minecraft.server.MinecraftServer/]: C0LIGAMES has made the advancement [Best Friends Forever]
[01Jun2025 00:10:39.286] [Server thread/INFO] [net.minecraft.server.MinecraftServer/]: [Not Secure] <Anzu_ara> x2 pense que te lo hibas a agarrar xd
[01Jun2025 00:10:47.609] [Server thread/INFO] [net.minecraft.server.MinecraftServer/]: [Not Secure] <joaocover> F
[01Jun2025 00:11:01.140] [Server thread/INFO] [net.minecraft.server.MinecraftServer/]: [Not Secure] <joaocover> EL DRAGON NO TIENE CASA XD
[01Jun2025 00:12:29.958] [Server thread/INFO] [net.minecraft.server.MinecraftServer/]: [Not Secure] <Anzu_ara> es hembraaaaaaaaaaaaaaaa >:D jksajksjkasjkajkz
[01Jun2025 00:12:42.354] [Server thread/INFO] [net.minecraft.server.MinecraftServer/]: [Not Secure] <joaocover> SE EMOCIONABA EN PING
[01Jun2025 00:13:24.522] [Server thread/INFO] [net.minecraft.server.MinecraftServer/]: [Not Secure] <joaocover> yo me sadisfecho con mi ejercito de hormigas
[01Jun2025 00:15:17.227] [Server thread/WARN] [net.minecraft.world.level.entity.PersistentEntitySectionManager/]: UUID of added entity already exists: Drowned['Drowned'/6780, l='ServerLevel[world]', x=-92.50, y=58.00, z=-579.50]
[01Jun2025 00:15:22.054] [Server thread/INFO] [net.minecraft.server.MinecraftServer/]: Anzu_ara has made the advancement [Suit Up]
[01Jun2025 00:16:04.195] [Server thread/INFO] [net.minecraft.server.MinecraftServer/]: joaocover has made the advancement [We Just Want our Hat Back]
[01Jun2025 00:16:36.019] [Server thread/INFO] [net.minecraft.server.MinecraftServer/]: [Not Secure] <Anzu_ara> we
[01Jun2025 00:16:41.201] [Server thread/INFO] [net.minecraft.server.MinecraftServer/]: [Not Secure] <joaocover> SI?
[01Jun2025 00:16:49.448] [Server thread/INFO] [net.minecraft.server.players.PlayerList/]: asrielmanrique[/127.137.139.102:34775] logged in with entity id 7464 at (-66.71348494557279, 67.0, 48.4824760001068)
[01Jun2025 00:16:49.469] [Server thread/INFO] [net.minecraft.server.MinecraftServer/]: asrielmanrique joined the game
[01Jun2025 00:16:50.009] [Server thread/INFO] [net.minecraft.server.MinecraftServer/]: [Not Secure] <Anzu_ara> le decia a rancio xd
[01Jun2025 00:16:57.919] [Server thread/INFO] [net.minecraft.server.MinecraftServer/]: [Not Secure] <Anzu_ara> weeeeeeeeeeee tu dragon nacio
[01Jun2025 00:17:02.047] [Server thread/INFO] [net.minecraft.server.MinecraftServer/]: [Not Secure] <joaocover> ESE WE ESTA TIRANDO LA BASURA
[01Jun2025 00:17:09.158] [Server thread/INFO] [net.minecraft.server.MinecraftServer/]: [Not Secure] <Anzu_ara> xd
[01Jun2025 00:18:58.817] [Server thread/INFO] [net.minecraft.server.MinecraftServer/]: Anzu_ara has made the advancement [Isn't It Iron Pick]
[01Jun2025 00:19:04.503] [Server thread/INFO] [net.minecraft.server.MinecraftServer/]: [Not Secure] <Anzu_ara> xd
[01Jun2025 00:19:18.705] [Server thread/INFO] [net.minecraft.server.MinecraftServer/]: joaocover has made the advancement [Suit Up]
[01Jun2025 00:22:38.748] [Server thread/INFO] [net.minecraft.server.MinecraftServer/]: [C0LIGAMES: Set own game mode to Survival Mode]
[01Jun2025 00:25:00.155] [Server thread/INFO] [net.minecraft.server.MinecraftServer/]: asrielmanrique drowned
[01Jun2025 00:25:01.716] [Server thread/INFO] [Scaling Health/]: Player lost 0.00 heart crystal(s)
[01Jun2025 00:25:01.717] [Server thread/INFO] [Scaling Health/]: Player lost 0.00 difficulty
[01Jun2025 00:25:12.949] [Server thread/ERROR] [net.minecraftforge.fml.loading.RuntimeDistCleaner/DISTXFORM]: Attempted to load class net/minecraft/client/Minecraft for invalid dist DEDICATED_SERVER
[01Jun2025 00:25:12.949] [Server thread/ERROR] [net.minecraftforge.eventbus.EventBus/EVENTBUS]: Exception caught during firing event: Attempted to load class net/minecraft/client/Minecraft for invalid dist DEDICATED_SERVER
	Index: 1
	Listeners:
		0: HIGHEST
		1: ASM: com.dplayend.justleveling.registry.RegistryCommonEvents@6e5b2460 onAttackEntity(Lnet/minecraftforge/event/entity/living/LivingHurtEvent;)V
		2: NORMAL
		3: ASM: class vectorwing.farmersdelight.common.item.enchantment.BackstabbingEnchantment$BackstabbingEvent onKnifeBackstab(Lnet/minecraftforge/event/entity/living/LivingHurtEvent;)V
		4: ASM: com.bobmowzie.mowziesmobs.server.ServerEventHandler@58cc83 onLivingHurt(Lnet/minecraftforge/event/entity/living/LivingHurtEvent;)V
		5: ASM: com.bobmowzie.mowziesmobs.server.ability.AbilityCommonEventHandler@16f10cbf onTakeDamage(Lnet/minecraftforge/event/entity/living/LivingHurtEvent;)V
		6: ASM: class com.mcmoddev.golems.EGEvents$ForgeHandler onLivingHurt(Lnet/minecraftforge/event/entity/living/LivingHurtEvent;)V
		7: ASM: class tallestegg.guardvillagers.HandlerEvents onEntityHurt(Lnet/minecraftforge/event/entity/living/LivingHurtEvent;)V
		8: ASM: class com.oblivioussp.spartanweaponry.event.CommonEventHandler onLivingHurt(Lnet/minecraftforge/event/entity/living/LivingHurtEvent;)V
		9: ASM: class net.silentchaos512.scalinghealth.event.PlayerBonusRegenHandler onPlayerHurt(Lnet/minecraftforge/event/entity/living/LivingHurtEvent;)V
		10: ASM: com.github.alexthe666.iceandfire.event.ServerEvents@35ab42fd onEntityDamage(Lnet/minecraftforge/event/entity/living/LivingHurtEvent;)V
		11: LOWEST
		12: ASM: class ichttt.mods.firstaid.common.EventHandler onLivingHurt(Lnet/minecraftforge/event/entity/living/LivingHurtEvent;)V
java.lang.RuntimeException: Attempted to load class net/minecraft/client/Minecraft for invalid dist DEDICATED_SERVER
	at MC-BOOTSTRAP/fmlloader@1.20.1-47.3.7/net.minecraftforge.fml.loading.RuntimeDistCleaner.processClassWithFlags(RuntimeDistCleaner.java:57)
	at MC-BOOTSTRAP/cpw.mods.modlauncher@10.0.9/cpw.mods.modlauncher.LaunchPluginHandler.offerClassNodeToPlugins(LaunchPluginHandler.java:88)
	at MC-BOOTSTRAP/cpw.mods.modlauncher@10.0.9/cpw.mods.modlauncher.ClassTransformer.transform(ClassTransformer.java:120)
	at MC-BOOTSTRAP/cpw.mods.modlauncher@10.0.9/cpw.mods.modlauncher.TransformingClassLoader.maybeTransformClassBytes(TransformingClassLoader.java:50)
	at cpw.mods.securejarhandler/cpw.mods.cl.ModuleClassLoader.readerToClass(ModuleClassLoader.java:113)
	at cpw.mods.securejarhandler/cpw.mods.cl.ModuleClassLoader.lambda$findClass$15(ModuleClassLoader.java:219)
	at cpw.mods.securejarhandler/cpw.mods.cl.ModuleClassLoader.loadFromModule(ModuleClassLoader.java:229)
	at cpw.mods.securejarhandler/cpw.mods.cl.ModuleClassLoader.findClass(ModuleClassLoader.java:219)
	at cpw.mods.securejarhandler/cpw.mods.cl.ModuleClassLoader.loadClass(ModuleClassLoader.java:135)
	at java.base/java.lang.ClassLoader.loadClass(ClassLoader.java:525)
	at TRANSFORMER/forge@47.3.7/net.minecraftforge.network.simple.SimpleChannel.sendToServer(SimpleChannel.java:87)
	at TRANSFORMER/justleveling@1.7/com.dplayend.justleveling.network.ServerNetworking.sendToServer(ServerNetworking.java:36)
	at TRANSFORMER/justleveling@1.7/com.dplayend.justleveling.network.packet.common.CounterAttackSP.send(CounterAttackSP.java:51)
	at TRANSFORMER/justleveling@1.7/com.dplayend.justleveling.registry.RegistryCommonEvents.lambda$onAttackEntity$8(RegistryCommonEvents.java:315)
	at TRANSFORMER/forge@47.3.7/net.minecraftforge.common.util.LazyOptional.ifPresent(LazyOptional.java:137)
	at TRANSFORMER/justleveling@1.7/com.dplayend.justleveling.registry.RegistryCommonEvents.onAttackEntity(RegistryCommonEvents.java:315)
	at TRANSFORMER/justleveling@1.7/com.dplayend.justleveling.registry.__RegistryCommonEvents_onAttackEntity_LivingHurtEvent.invoke(.dynamic)
	at MC-BOOTSTRAP/net.minecraftforge.eventbus/net.minecraftforge.eventbus.ASMEventHandler.invoke(ASMEventHandler.java:73)
	at MC-BOOTSTRAP/net.minecraftforge.eventbus/net.minecraftforge.eventbus.EventBus.post(EventBus.java:315)
	at MC-BOOTSTRAP/net.minecraftforge.eventbus/net.minecraftforge.eventbus.EventBus.post(EventBus.java:296)
	at TRANSFORMER/forge@47.3.7/net.minecraftforge.common.ForgeHooks.onLivingHurt(ForgeHooks.java:292)
	at TRANSFORMER/minecraft@1.20.1/net.minecraft.world.entity.player.Player.m_6475_(Player.java:906)
	at TRANSFORMER/minecraft@1.20.1/net.minecraft.world.entity.LivingEntity.m_6469_(LivingEntity.java:1112)
	at TRANSFORMER/minecraft@1.20.1/net.minecraft.world.entity.player.Player.m_6469_(Player.java:840)
	at TRANSFORMER/minecraft@1.20.1/net.minecraft.server.level.ServerPlayer.m_6469_(ServerPlayer.java:695)
	at TRANSFORMER/minecraft@1.20.1/net.minecraft.world.entity.Mob.m_7327_(Mob.java:1410)
	at TRANSFORMER/minecraft@1.20.1/net.minecraft.world.entity.monster.Phantom$PhantomSweepAttackGoal.m_8037_(Phantom.java:455)
	at TRANSFORMER/minecraft@1.20.1/net.minecraft.world.entity.ai.goal.WrappedGoal.m_8037_(WrappedGoal.java:65)
	at TRANSFORMER/minecraft@1.20.1/net.minecraft.world.entity.ai.goal.GoalSelector.m_186081_(GoalSelector.java:120)
	at TRANSFORMER/minecraft@1.20.1/net.minecraft.world.entity.ai.goal.GoalSelector.m_25373_(GoalSelector.java:111)
	at TRANSFORMER/minecraft@1.20.1/net.minecraft.world.entity.Mob.m_6140_(Mob.java:760)
	at TRANSFORMER/minecraft@1.20.1/net.minecraft.world.entity.LivingEntity.m_8107_(LivingEntity.java:2548)
	at TRANSFORMER/minecraft@1.20.1/net.minecraft.world.entity.Mob.m_8107_(Mob.java:536)
	at TRANSFORMER/minecraft@1.20.1/net.minecraft.world.entity.monster.Phantom.m_8107_(Phantom.java:159)
	at TRANSFORMER/minecraft@1.20.1/net.minecraft.world.entity.LivingEntity.m_8119_(LivingEntity.java:2298)
	at TRANSFORMER/minecraft@1.20.1/net.minecraft.world.entity.Mob.m_8119_(Mob.java:337)
	at TRANSFORMER/minecraft@1.20.1/net.minecraft.world.entity.monster.Phantom.m_8119_(Phantom.java:136)
	at TRANSFORMER/minecraft@1.20.1/net.minecraft.server.level.ServerLevel.m_8647_(ServerLevel.java:693)
	at TRANSFORMER/minecraft@1.20.1/net.minecraft.world.level.Level.m_46653_(Level.java:479)
	at TRANSFORMER/minecraft@1.20.1/net.minecraft.server.level.ServerLevel.m_184063_(ServerLevel.java:343)
	at TRANSFORMER/minecraft@1.20.1/net.minecraft.world.level.entity.EntityTickList.m_156910_(EntityTickList.java:54)
	at TRANSFORMER/minecraft@1.20.1/net.minecraft.server.level.ServerLevel.m_8793_(ServerLevel.java:323)
	at TRANSFORMER/minecraft@1.20.1/net.minecraft.server.MinecraftServer.m_5703_(MinecraftServer.java:893)
	at TRANSFORMER/minecraft@1.20.1/net.minecraft.server.dedicated.DedicatedServer.m_5703_(DedicatedServer.java:283)
	at TRANSFORMER/minecraft@1.20.1/net.minecraft.server.MinecraftServer.m_5705_(MinecraftServer.java:814)
	at TRANSFORMER/minecraft@1.20.1/net.minecraft.server.MinecraftServer.m_130011_(MinecraftServer.java:661)
	at TRANSFORMER/minecraft@1.20.1/net.minecraft.server.MinecraftServer.m_206580_(MinecraftServer.java:251)
	at java.base/java.lang.Thread.run(Thread.java:840)

[01Jun2025 00:25:12.978] [Server thread/ERROR] [net.minecraft.server.MinecraftServer/]: Encountered an unexpected exception
net.minecraft.ReportedException: Ticking entity
	at net.minecraft.server.MinecraftServer.m_5703_(MinecraftServer.java:897) ~[server-1.20.1-20230612.114412-srg.jar%23185!/:?]
	at net.minecraft.server.dedicated.DedicatedServer.m_5703_(DedicatedServer.java:283) ~[server-1.20.1-20230612.114412-srg.jar%23185!/:?]
	at net.minecraft.server.MinecraftServer.m_5705_(MinecraftServer.java:814) ~[server-1.20.1-20230612.114412-srg.jar%23185!/:?]
	at net.minecraft.server.MinecraftServer.m_130011_(MinecraftServer.java:661) ~[server-1.20.1-20230612.114412-srg.jar%23185!/:?]
	at net.minecraft.server.MinecraftServer.m_206580_(MinecraftServer.java:251) ~[server-1.20.1-20230612.114412-srg.jar%23185!/:?]
	at java.lang.Thread.run(Thread.java:840) ~[?:?]
Caused by: java.lang.RuntimeException: Attempted to load class net/minecraft/client/Minecraft for invalid dist DEDICATED_SERVER
	at net.minecraftforge.fml.loading.RuntimeDistCleaner.processClassWithFlags(RuntimeDistCleaner.java:57) ~[fmlloader-1.20.1-47.3.7.jar%2369!/:1.0]
	at cpw.mods.modlauncher.LaunchPluginHandler.offerClassNodeToPlugins(LaunchPluginHandler.java:88) ~[modlauncher-10.0.9.jar%2355!/:?]
	at cpw.mods.modlauncher.ClassTransformer.transform(ClassTransformer.java:120) ~[modlauncher-10.0.9.jar%2355!/:?]
	at cpw.mods.modlauncher.TransformingClassLoader.maybeTransformClassBytes(TransformingClassLoader.java:50) ~[modlauncher-10.0.9.jar%2355!/:?]
	at cpw.mods.cl.ModuleClassLoader.readerToClass(ModuleClassLoader.java:113) ~[securejarhandler-2.1.10.jar:?]
	at cpw.mods.cl.ModuleClassLoader.lambda$findClass$15(ModuleClassLoader.java:219) ~[securejarhandler-2.1.10.jar:?]
	at cpw.mods.cl.ModuleClassLoader.loadFromModule(ModuleClassLoader.java:229) ~[securejarhandler-2.1.10.jar:?]
	at cpw.mods.cl.ModuleClassLoader.findClass(ModuleClassLoader.java:219) ~[securejarhandler-2.1.10.jar:?]
	at cpw.mods.cl.ModuleClassLoader.loadClass(ModuleClassLoader.java:135) ~[securejarhandler-2.1.10.jar:?]
	at java.lang.ClassLoader.loadClass(ClassLoader.java:525) ~[?:?]
	at net.minecraftforge.network.simple.SimpleChannel.sendToServer(SimpleChannel.java:87) ~[forge-1.20.1-47.3.7-universal.jar%23190!/:?]
	at com.dplayend.justleveling.network.ServerNetworking.sendToServer(ServerNetworking.java:36) ~[justleveling-forge-1.20.x-v1.7.jar%23163!/:forge-1.20.x-v1.7]
	at com.dplayend.justleveling.network.packet.common.CounterAttackSP.send(CounterAttackSP.java:51) ~[justleveling-forge-1.20.x-v1.7.jar%23163!/:forge-1.20.x-v1.7]
	at com.dplayend.justleveling.registry.RegistryCommonEvents.lambda$onAttackEntity$8(RegistryCommonEvents.java:315) ~[justleveling-forge-1.20.x-v1.7.jar%23163!/:forge-1.20.x-v1.7]
	at net.minecraftforge.common.util.LazyOptional.ifPresent(LazyOptional.java:137) ~[forge-1.20.1-47.3.7-universal.jar%23190!/:?]
	at com.dplayend.justleveling.registry.RegistryCommonEvents.onAttackEntity(RegistryCommonEvents.java:315) ~[justleveling-forge-1.20.x-v1.7.jar%23163!/:forge-1.20.x-v1.7]
	at com.dplayend.justleveling.registry.__RegistryCommonEvents_onAttackEntity_LivingHurtEvent.invoke(.dynamic) ~[justleveling-forge-1.20.x-v1.7.jar%23163!/:forge-1.20.x-v1.7]
	at net.minecraftforge.eventbus.ASMEventHandler.invoke(ASMEventHandler.java:73) ~[eventbus-6.0.5.jar%2352!/:?]
	at net.minecraftforge.eventbus.EventBus.post(EventBus.java:315) ~[eventbus-6.0.5.jar%2352!/:?]
	at net.minecraftforge.eventbus.EventBus.post(EventBus.java:296) ~[eventbus-6.0.5.jar%2352!/:?]
	at net.minecraftforge.common.ForgeHooks.onLivingHurt(ForgeHooks.java:292) ~[forge-1.20.1-47.3.7-universal.jar%23190!/:?]
	at net.minecraft.world.entity.player.Player.m_6475_(Player.java:906) ~[server-1.20.1-20230612.114412-srg.jar%23185!/:?]
	at net.minecraft.world.entity.LivingEntity.m_6469_(LivingEntity.java:1112) ~[server-1.20.1-20230612.114412-srg.jar%23185!/:?]
	at net.minecraft.world.entity.player.Player.m_6469_(Player.java:840) ~[server-1.20.1-20230612.114412-srg.jar%23185!/:?]
	at net.minecraft.server.level.ServerPlayer.m_6469_(ServerPlayer.java:695) ~[server-1.20.1-20230612.114412-srg.jar%23185!/:?]
	at net.minecraft.world.entity.Mob.m_7327_(Mob.java:1410) ~[server-1.20.1-20230612.114412-srg.jar%23185!/:?]
	at net.minecraft.world.entity.monster.Phantom$PhantomSweepAttackGoal.m_8037_(Phantom.java:455) ~[server-1.20.1-20230612.114412-srg.jar%23185!/:?]
	at net.minecraft.world.entity.ai.goal.WrappedGoal.m_8037_(WrappedGoal.java:65) ~[server-1.20.1-20230612.114412-srg.jar%23185!/:?]
	at net.minecraft.world.entity.ai.goal.GoalSelector.m_186081_(GoalSelector.java:120) ~[server-1.20.1-20230612.114412-srg.jar%23185!/:?]
	at net.minecraft.world.entity.ai.goal.GoalSelector.m_25373_(GoalSelector.java:111) ~[server-1.20.1-20230612.114412-srg.jar%23185!/:?]
	at net.minecraft.world.entity.Mob.m_6140_(Mob.java:760) ~[server-1.20.1-20230612.114412-srg.jar%23185!/:?]
	at net.minecraft.world.entity.LivingEntity.m_8107_(LivingEntity.java:2548) ~[server-1.20.1-20230612.114412-srg.jar%23185!/:?]
	at net.minecraft.world.entity.Mob.m_8107_(Mob.java:536) ~[server-1.20.1-20230612.114412-srg.jar%23185!/:?]
	at net.minecraft.world.entity.monster.Phantom.m_8107_(Phantom.java:159) ~[server-1.20.1-20230612.114412-srg.jar%23185!/:?]
	at net.minecraft.world.entity.LivingEntity.m_8119_(LivingEntity.java:2298) ~[server-1.20.1-20230612.114412-srg.jar%23185!/:?]
	at net.minecraft.world.entity.Mob.m_8119_(Mob.java:337) ~[server-1.20.1-20230612.114412-srg.jar%23185!/:?]
	at net.minecraft.world.entity.monster.Phantom.m_8119_(Phantom.java:136) ~[server-1.20.1-20230612.114412-srg.jar%23185!/:?]
	at net.minecraft.server.level.ServerLevel.m_8647_(ServerLevel.java:693) ~[server-1.20.1-20230612.114412-srg.jar%23185!/:?]
	at net.minecraft.world.level.Level.m_46653_(Level.java:479) ~[server-1.20.1-20230612.114412-srg.jar%23185!/:?]
	at net.minecraft.server.level.ServerLevel.m_184063_(ServerLevel.java:343) ~[server-1.20.1-20230612.114412-srg.jar%23185!/:?]
	at net.minecraft.world.level.entity.EntityTickList.m_156910_(EntityTickList.java:54) ~[server-1.20.1-20230612.114412-srg.jar%23185!/:?]
	at net.minecraft.server.level.ServerLevel.m_8793_(ServerLevel.java:323) ~[server-1.20.1-20230612.114412-srg.jar%23185!/:?]
	at net.minecraft.server.MinecraftServer.m_5703_(MinecraftServer.java:893) ~[server-1.20.1-20230612.114412-srg.jar%23185!/:?]
	... 5 more
[01Jun2025 00:25:13.024] [Server thread/FATAL] [net.minecraftforge.common.ForgeMod/]: Preparing crash report with UUID 8b48eb11-4086-4adc-80cb-9c4b1622cb2b
[01Jun2025 00:25:13.026] [Server thread/ERROR] [net.minecraft.server.MinecraftServer/]: This crash report has been saved to: /workspaces/SERVER-SAGA/servidor_minecraft/./crash-reports/crash-2025-06-01_00.25.12-server.txt
[01Jun2025 00:25:13.026] [Server thread/INFO] [net.minecraft.server.MinecraftServer/]: Stopping server
[01Jun2025 00:25:13.028] [Server thread/INFO] [net.minecraft.server.MinecraftServer/]: Saving players
[01Jun2025 00:25:13.053] [Server thread/INFO] [net.minecraft.server.MinecraftServer/]: Saving worlds
[01Jun2025 00:25:13.322] [Server thread/INFO] [net.minecraft.server.MinecraftServer/]: Saving chunks for level 'ServerLevel[world]'/minecraft:overworld
[01Jun2025 00:25:14.113] [Server thread/INFO] [net.minecraft.server.MinecraftServer/]: Saving chunks for level 'ServerLevel[world]'/minecraft:the_nether
[01Jun2025 00:25:14.114] [Server thread/INFO] [net.minecraft.server.MinecraftServer/]: Saving chunks for level 'ServerLevel[world]'/minecraft:the_end
[01Jun2025 00:25:14.138] [Server thread/INFO] [net.minecraft.server.MinecraftServer/]: ThreadedAnvilChunkStorage (world): All chunks are saved
[01Jun2025 00:25:14.138] [Server thread/INFO] [net.minecraft.server.MinecraftServer/]: ThreadedAnvilChunkStorage (DIM-1): All chunks are saved
[01Jun2025 00:25:14.139] [Server thread/INFO] [net.minecraft.server.MinecraftServer/]: ThreadedAnvilChunkStorage (DIM1): All chunks are saved
[01Jun2025 00:25:14.139] [Server thread/INFO] [net.minecraft.server.MinecraftServer/]: ThreadedAnvilChunkStorage: All dimensions are saved
